  main.cpp
C:\Users\surface\source\repos\580final\whitted\whitted\global.h(25,28): warning C4244: '=': conversion from 'double' to 'float', possible loss of data
C:\Users\surface\source\repos\580final\whitted\whitted\global.h(28,17): warning C4244: 'initializing': conversion from 'double' to 'float', possible loss of data
C:\Users\surface\source\repos\580final\whitted\whitted\global.h(51,13): warning C4244: 'initializing': conversion from 'float' to 'int', possible loss of data
C:\Users\surface\source\repos\580final\whitted\whitted\Object.h(16,1): warning C4305: 'initializing': truncation from 'double' to 'float'
C:\Users\surface\source\repos\580final\whitted\whitted\Object.h(16,1): warning C4305: 'argument': truncation from 'double' to 'float'
C:\Users\surface\source\repos\580final\whitted\whitted\Scene.h(16,27): warning C4305: 'argument': truncation from 'double' to 'float'
C:\Users\surface\source\repos\580final\whitted\whitted\Scene.h(18,16): warning C4305: 'initializing': truncation from 'double' to 'float'
C:\Users\surface\source\repos\580final\whitted\whitted\Triangle.h(101,1): warning C4554: '^': check operator precedence for possible error; use parentheses to clarify precedence
C:\Users\surface\source\repos\580final\whitted\whitted\Triangle.h(101,17): warning C4244: 'initializing': conversion from 'int' to 'float', possible loss of data
C:\Users\surface\source\repos\580final\whitted\whitted\Triangle.h(102,1): warning C4305: 'argument': truncation from 'double' to 'float'
C:\Users\surface\source\repos\580final\whitted\whitted\main.cpp(16,49): warning C4305: 'argument': truncation from 'double' to 'float'
C:\Program Files (x86)\Microsoft Visual Studio\2019\Community\VC\Tools\MSVC\14.29.30133\include\memory(3416,56): warning C4244: 'argument': conversion from '_Ty' to 'const float', possible loss of data
          with
          [
              _Ty=int
          ]
C:\Users\surface\source\repos\580final\whitted\whitted\main.cpp(14): message : see reference to function template instantiation 'std::unique_ptr<Sphere,std::default_delete<Sphere>> std::make_unique<Sphere,Vector3f,int,0>(Vector3f &&,int &&)' being compiled
C:\Program Files (x86)\Microsoft Visual Studio\2019\Community\VC\Tools\MSVC\14.29.30133\include\memory(3416,56): warning C4244: 'argument': conversion from '_Ty' to 'const float', possible loss of data
          with
          [
              _Ty=double
          ]
C:\Users\surface\source\repos\580final\whitted\whitted\main.cpp(18): message : see reference to function template instantiation 'std::unique_ptr<Sphere,std::default_delete<Sphere>> std::make_unique<Sphere,Vector3f,double,0>(Vector3f &&,double &&)' being compiled
C:\Program Files (x86)\Microsoft Visual Studio\2019\Community\VC\Tools\MSVC\14.29.30133\include\memory(3416,56): warning C4244: 'argument': conversion from '_Ty' to 'float', possible loss of data
          with
          [
              _Ty=double
          ]
C:\Users\surface\source\repos\580final\whitted\whitted\main.cpp(36): message : see reference to function template instantiation 'std::unique_ptr<LightRay,std::default_delete<LightRay>> std::make_unique<LightRay,Vector3f,double,0>(Vector3f &&,double &&)' being compiled
  Renderer.cpp
C:\Users\surface\source\repos\580final\whitted\whitted\global.h(25,28): warning C4244: '=': conversion from 'double' to 'float', possible loss of data
C:\Users\surface\source\repos\580final\whitted\whitted\global.h(28,17): warning C4244: 'initializing': conversion from 'double' to 'float', possible loss of data
C:\Users\surface\source\repos\580final\whitted\whitted\global.h(51,13): warning C4244: 'initializing': conversion from 'float' to 'int', possible loss of data
C:\Users\surface\source\repos\580final\whitted\whitted\Object.h(16,1): warning C4305: 'initializing': truncation from 'double' to 'float'
C:\Users\surface\source\repos\580final\whitted\whitted\Object.h(16,1): warning C4305: 'argument': truncation from 'double' to 'float'
C:\Users\surface\source\repos\580final\whitted\whitted\Scene.h(16,27): warning C4305: 'argument': truncation from 'double' to 'float'
C:\Users\surface\source\repos\580final\whitted\whitted\Scene.h(18,16): warning C4305: 'initializing': truncation from 'double' to 'float'
C:\Users\surface\source\repos\580final\whitted\whitted\Renderer.cpp(10,23): warning C4244: 'return': conversion from 'double' to 'float', possible loss of data
C:\Users\surface\source\repos\580final\whitted\whitted\Renderer.cpp(190,49): warning C4244: 'argument': conversion from 'double' to 'const float', possible loss of data
C:\Users\surface\source\repos\580final\whitted\whitted\Renderer.cpp(204,44): warning C4244: '=': conversion from 'double' to 'float', possible loss of data
  Scene.cpp
C:\Users\surface\source\repos\580final\whitted\whitted\global.h(25,28): warning C4244: '=': conversion from 'double' to 'float', possible loss of data
C:\Users\surface\source\repos\580final\whitted\whitted\global.h(28,17): warning C4244: 'initializing': conversion from 'double' to 'float', possible loss of data
C:\Users\surface\source\repos\580final\whitted\whitted\global.h(51,13): warning C4244: 'initializing': conversion from 'float' to 'int', possible loss of data
C:\Users\surface\source\repos\580final\whitted\whitted\Object.h(16,1): warning C4305: 'initializing': truncation from 'double' to 'float'
C:\Users\surface\source\repos\580final\whitted\whitted\Object.h(16,1): warning C4305: 'argument': truncation from 'double' to 'float'
C:\Users\surface\source\repos\580final\whitted\whitted\Scene.h(16,27): warning C4305: 'argument': truncation from 'double' to 'float'
C:\Users\surface\source\repos\580final\whitted\whitted\Scene.h(18,16): warning C4305: 'initializing': truncation from 'double' to 'float'
  Generating Code...
  whitted.vcxproj -> C:\Users\surface\source\repos\580final\whitted\x64\Debug\whitted.exe
