  BVH.cpp
C:\Users\zjq19\source\repos\WhittedBVHAcce\WhittedBVHAcce\global.h(11,23): warning C4244: “初始化”: 从“double”转换到“const float”，可能丢失数据
C:\Users\zjq19\source\repos\WhittedBVHAcce\WhittedBVHAcce\global.h(12,23): warning C4244: “初始化”: 从“double”转换到“const float”，可能丢失数据
C:\Users\zjq19\source\repos\WhittedBVHAcce\WhittedBVHAcce\global.h(47,13): warning C4244: “初始化”: 从“float”转换到“int”，可能丢失数据
C:\Users\zjq19\source\repos\WhittedBVHAcce\WhittedBVHAcce\Ray.h(16,59): warning C4244: “参数”: 从“double”转换到“float”，可能丢失数据
C:\Users\zjq19\source\repos\WhittedBVHAcce\WhittedBVHAcce\Ray.h(16,47): warning C4244: “参数”: 从“double”转换到“float”，可能丢失数据
C:\Users\zjq19\source\repos\WhittedBVHAcce\WhittedBVHAcce\Ray.h(16,35): warning C4244: “参数”: 从“double”转换到“float”，可能丢失数据
C:\Users\zjq19\source\repos\WhittedBVHAcce\WhittedBVHAcce\Ray.h(22,65): warning C4244: “参数”: 从“double”转换到“const float”，可能丢失数据
C:\Users\zjq19\source\repos\WhittedBVHAcce\WhittedBVHAcce\BoundBox.h(21,35): warning C4244: “参数”: 从“double”转换到“float”，可能丢失数据
C:\Users\zjq19\source\repos\WhittedBVHAcce\WhittedBVHAcce\BoundBox.h(21,27): warning C4244: “参数”: 从“double”转换到“float”，可能丢失数据
C:\Users\zjq19\source\repos\WhittedBVHAcce\WhittedBVHAcce\BoundBox.h(21,19): warning C4244: “参数”: 从“double”转换到“float”，可能丢失数据
C:\Users\zjq19\source\repos\WhittedBVHAcce\WhittedBVHAcce\BoundBox.h(22,35): warning C4244: “参数”: 从“double”转换到“float”，可能丢失数据
C:\Users\zjq19\source\repos\WhittedBVHAcce\WhittedBVHAcce\BoundBox.h(22,27): warning C4244: “参数”: 从“double”转换到“float”，可能丢失数据
C:\Users\zjq19\source\repos\WhittedBVHAcce\WhittedBVHAcce\BoundBox.h(22,19): warning C4244: “参数”: 从“double”转换到“float”，可能丢失数据
C:\Users\zjq19\source\repos\WhittedBVHAcce\WhittedBVHAcce\BoundBox.h(78,13): warning C4244: “初始化”: 从“double”转换到“float”，可能丢失数据
C:\Users\zjq19\source\repos\WhittedBVHAcce\WhittedBVHAcce\BoundBox.h(79,13): warning C4244: “初始化”: 从“double”转换到“float”，可能丢失数据
  Renderer.cpp
C:\Users\zjq19\source\repos\WhittedBVHAcce\WhittedBVHAcce\global.h(11,23): warning C4244: “初始化”: 从“double”转换到“const float”，可能丢失数据
C:\Users\zjq19\source\repos\WhittedBVHAcce\WhittedBVHAcce\global.h(12,23): warning C4244: “初始化”: 从“double”转换到“const float”，可能丢失数据
C:\Users\zjq19\source\repos\WhittedBVHAcce\WhittedBVHAcce\global.h(47,13): warning C4244: “初始化”: 从“float”转换到“int”，可能丢失数据
C:\Users\zjq19\source\repos\WhittedBVHAcce\WhittedBVHAcce\Ray.h(16,59): warning C4244: “参数”: 从“double”转换到“float”，可能丢失数据
C:\Users\zjq19\source\repos\WhittedBVHAcce\WhittedBVHAcce\Ray.h(16,47): warning C4244: “参数”: 从“double”转换到“float”，可能丢失数据
C:\Users\zjq19\source\repos\WhittedBVHAcce\WhittedBVHAcce\Ray.h(16,35): warning C4244: “参数”: 从“double”转换到“float”，可能丢失数据
C:\Users\zjq19\source\repos\WhittedBVHAcce\WhittedBVHAcce\Ray.h(22,65): warning C4244: “参数”: 从“double”转换到“const float”，可能丢失数据
C:\Users\zjq19\source\repos\WhittedBVHAcce\WhittedBVHAcce\BoundBox.h(21,35): warning C4244: “参数”: 从“double”转换到“float”，可能丢失数据
C:\Users\zjq19\source\repos\WhittedBVHAcce\WhittedBVHAcce\BoundBox.h(21,27): warning C4244: “参数”: 从“double”转换到“float”，可能丢失数据
C:\Users\zjq19\source\repos\WhittedBVHAcce\WhittedBVHAcce\BoundBox.h(21,19): warning C4244: “参数”: 从“double”转换到“float”，可能丢失数据
C:\Users\zjq19\source\repos\WhittedBVHAcce\WhittedBVHAcce\BoundBox.h(22,35): warning C4244: “参数”: 从“double”转换到“float”，可能丢失数据
C:\Users\zjq19\source\repos\WhittedBVHAcce\WhittedBVHAcce\BoundBox.h(22,27): warning C4244: “参数”: 从“double”转换到“float”，可能丢失数据
C:\Users\zjq19\source\repos\WhittedBVHAcce\WhittedBVHAcce\BoundBox.h(22,19): warning C4244: “参数”: 从“double”转换到“float”，可能丢失数据
C:\Users\zjq19\source\repos\WhittedBVHAcce\WhittedBVHAcce\BoundBox.h(78,13): warning C4244: “初始化”: 从“double”转换到“float”，可能丢失数据
C:\Users\zjq19\source\repos\WhittedBVHAcce\WhittedBVHAcce\BoundBox.h(79,13): warning C4244: “初始化”: 从“double”转换到“float”，可能丢失数据
C:\Users\zjq19\source\repos\WhittedBVHAcce\WhittedBVHAcce\Scene.h(15,30): warning C4305: “参数”: 从“double”到“float”截断
C:\Users\zjq19\source\repos\WhittedBVHAcce\WhittedBVHAcce\Scene.h(17,24): warning C4305: “初始化”: 从“double”到“float”截断
C:\Users\zjq19\source\repos\WhittedBVHAcce\WhittedBVHAcce\Renderer.cpp(13,60): warning C4244: “return”: 从“double”转换到“float”，可能丢失数据
C:\Users\zjq19\source\repos\WhittedBVHAcce\WhittedBVHAcce\Renderer.cpp(15,30): warning C4305: “初始化”: 从“double”到“float”截断
C:\Users\zjq19\source\repos\WhittedBVHAcce\WhittedBVHAcce\Renderer.cpp(21,41): warning C4244: “参数”: 从“double”转换到“const float”，可能丢失数据
C:\Users\zjq19\source\repos\WhittedBVHAcce\WhittedBVHAcce\Renderer.cpp(38,59): warning C4244: “参数”: 从“int”转换到“const float”，可能丢失数据
C:\Users\zjq19\source\repos\WhittedBVHAcce\WhittedBVHAcce\Renderer.cpp(55,41): warning C4244: “参数”: 从“double”转换到“const float”，可能丢失数据
  Scene.cpp
C:\Users\zjq19\source\repos\WhittedBVHAcce\WhittedBVHAcce\global.h(11,23): warning C4244: “初始化”: 从“double”转换到“const float”，可能丢失数据
C:\Users\zjq19\source\repos\WhittedBVHAcce\WhittedBVHAcce\global.h(12,23): warning C4244: “初始化”: 从“double”转换到“const float”，可能丢失数据
C:\Users\zjq19\source\repos\WhittedBVHAcce\WhittedBVHAcce\global.h(47,13): warning C4244: “初始化”: 从“float”转换到“int”，可能丢失数据
C:\Users\zjq19\source\repos\WhittedBVHAcce\WhittedBVHAcce\Ray.h(16,59): warning C4244: “参数”: 从“double”转换到“float”，可能丢失数据
C:\Users\zjq19\source\repos\WhittedBVHAcce\WhittedBVHAcce\Ray.h(16,47): warning C4244: “参数”: 从“double”转换到“float”，可能丢失数据
C:\Users\zjq19\source\repos\WhittedBVHAcce\WhittedBVHAcce\Ray.h(16,35): warning C4244: “参数”: 从“double”转换到“float”，可能丢失数据
C:\Users\zjq19\source\repos\WhittedBVHAcce\WhittedBVHAcce\Ray.h(22,65): warning C4244: “参数”: 从“double”转换到“const float”，可能丢失数据
C:\Users\zjq19\source\repos\WhittedBVHAcce\WhittedBVHAcce\BoundBox.h(21,35): warning C4244: “参数”: 从“double”转换到“float”，可能丢失数据
C:\Users\zjq19\source\repos\WhittedBVHAcce\WhittedBVHAcce\BoundBox.h(21,27): warning C4244: “参数”: 从“double”转换到“float”，可能丢失数据
C:\Users\zjq19\source\repos\WhittedBVHAcce\WhittedBVHAcce\BoundBox.h(21,19): warning C4244: “参数”: 从“double”转换到“float”，可能丢失数据
C:\Users\zjq19\source\repos\WhittedBVHAcce\WhittedBVHAcce\BoundBox.h(22,35): warning C4244: “参数”: 从“double”转换到“float”，可能丢失数据
C:\Users\zjq19\source\repos\WhittedBVHAcce\WhittedBVHAcce\BoundBox.h(22,27): warning C4244: “参数”: 从“double”转换到“float”，可能丢失数据
C:\Users\zjq19\source\repos\WhittedBVHAcce\WhittedBVHAcce\BoundBox.h(22,19): warning C4244: “参数”: 从“double”转换到“float”，可能丢失数据
C:\Users\zjq19\source\repos\WhittedBVHAcce\WhittedBVHAcce\BoundBox.h(78,13): warning C4244: “初始化”: 从“double”转换到“float”，可能丢失数据
C:\Users\zjq19\source\repos\WhittedBVHAcce\WhittedBVHAcce\BoundBox.h(79,13): warning C4244: “初始化”: 从“double”转换到“float”，可能丢失数据
C:\Users\zjq19\source\repos\WhittedBVHAcce\WhittedBVHAcce\Scene.h(15,30): warning C4305: “参数”: 从“double”到“float”截断
C:\Users\zjq19\source\repos\WhittedBVHAcce\WhittedBVHAcce\Scene.h(17,24): warning C4305: “初始化”: 从“double”到“float”截断
  main.cpp
C:\Users\zjq19\source\repos\WhittedBVHAcce\WhittedBVHAcce\global.h(11,23): warning C4244: “初始化”: 从“double”转换到“const float”，可能丢失数据
C:\Users\zjq19\source\repos\WhittedBVHAcce\WhittedBVHAcce\global.h(12,23): warning C4244: “初始化”: 从“double”转换到“const float”，可能丢失数据
C:\Users\zjq19\source\repos\WhittedBVHAcce\WhittedBVHAcce\global.h(47,13): warning C4244: “初始化”: 从“float”转换到“int”，可能丢失数据
C:\Users\zjq19\source\repos\WhittedBVHAcce\WhittedBVHAcce\Ray.h(16,59): warning C4244: “参数”: 从“double”转换到“float”，可能丢失数据
C:\Users\zjq19\source\repos\WhittedBVHAcce\WhittedBVHAcce\Ray.h(16,47): warning C4244: “参数”: 从“double”转换到“float”，可能丢失数据
C:\Users\zjq19\source\repos\WhittedBVHAcce\WhittedBVHAcce\Ray.h(16,35): warning C4244: “参数”: 从“double”转换到“float”，可能丢失数据
C:\Users\zjq19\source\repos\WhittedBVHAcce\WhittedBVHAcce\Ray.h(22,65): warning C4244: “参数”: 从“double”转换到“const float”，可能丢失数据
C:\Users\zjq19\source\repos\WhittedBVHAcce\WhittedBVHAcce\BoundBox.h(21,35): warning C4244: “参数”: 从“double”转换到“float”，可能丢失数据
C:\Users\zjq19\source\repos\WhittedBVHAcce\WhittedBVHAcce\BoundBox.h(21,27): warning C4244: “参数”: 从“double”转换到“float”，可能丢失数据
C:\Users\zjq19\source\repos\WhittedBVHAcce\WhittedBVHAcce\BoundBox.h(21,19): warning C4244: “参数”: 从“double”转换到“float”，可能丢失数据
C:\Users\zjq19\source\repos\WhittedBVHAcce\WhittedBVHAcce\BoundBox.h(22,35): warning C4244: “参数”: 从“double”转换到“float”，可能丢失数据
C:\Users\zjq19\source\repos\WhittedBVHAcce\WhittedBVHAcce\BoundBox.h(22,27): warning C4244: “参数”: 从“double”转换到“float”，可能丢失数据
C:\Users\zjq19\source\repos\WhittedBVHAcce\WhittedBVHAcce\BoundBox.h(22,19): warning C4244: “参数”: 从“double”转换到“float”，可能丢失数据
C:\Users\zjq19\source\repos\WhittedBVHAcce\WhittedBVHAcce\BoundBox.h(78,13): warning C4244: “初始化”: 从“double”转换到“float”，可能丢失数据
C:\Users\zjq19\source\repos\WhittedBVHAcce\WhittedBVHAcce\BoundBox.h(79,13): warning C4244: “初始化”: 从“double”转换到“float”，可能丢失数据
C:\Users\zjq19\source\repos\WhittedBVHAcce\WhittedBVHAcce\Scene.h(15,30): warning C4305: “参数”: 从“double”到“float”截断
C:\Users\zjq19\source\repos\WhittedBVHAcce\WhittedBVHAcce\Scene.h(17,24): warning C4305: “初始化”: 从“double”到“float”截断
C:\Users\zjq19\source\repos\WhittedBVHAcce\WhittedBVHAcce\OBJ_Loader.hpp(945,33): warning C4244: “初始化”: 从“double”转换到“float”，可能丢失数据
C:\Users\zjq19\source\repos\WhittedBVHAcce\WhittedBVHAcce\Triangle.h(273,23): warning C4244: “初始化”: 从“int”转换到“float”，可能丢失数据
C:\Users\zjq19\source\repos\WhittedBVHAcce\WhittedBVHAcce\Triangle.h(276,1): warning C4305: “参数”: 从“double”到“float”截断
  正在生成代码
  0 of 1294 functions ( 0.0%) were compiled, the rest were copied from previous compilation.
    0 functions were new in current compilation
    0 functions had inline decision re-evaluated but remain unchanged
  已完成代码的生成
  WhittedBVHAcce.vcxproj -> C:\Users\zjq19\source\repos\WhittedBVHAcce\x64\Release\WhittedBVHAcce.exe
